0 info it worked if it ends with ok
1 verbose cli [ 'node', '/usr/local/bin/npm', 'i', 'S', 'sharify' ]
2 info using npm@1.4.28
3 info using node@v0.10.35
4 warn package.json ice-js@1.0.0 No README data
5 verbose readDependencies using package.json deps
6 verbose cache add [ 'S', null ]
7 verbose cache add name=undefined spec="S" args=["S",null]
8 verbose parsed url { protocol: null,
8 verbose parsed url   slashes: null,
8 verbose parsed url   auth: null,
8 verbose parsed url   host: null,
8 verbose parsed url   port: null,
8 verbose parsed url   hostname: null,
8 verbose parsed url   hash: null,
8 verbose parsed url   search: null,
8 verbose parsed url   query: null,
8 verbose parsed url   pathname: 'S',
8 verbose parsed url   path: 'S',
8 verbose parsed url   href: 'S' }
9 verbose cache add [ 'sharify', null ]
10 verbose cache add name=undefined spec="sharify" args=["sharify",null]
11 verbose parsed url { protocol: null,
11 verbose parsed url   slashes: null,
11 verbose parsed url   auth: null,
11 verbose parsed url   host: null,
11 verbose parsed url   port: null,
11 verbose parsed url   hostname: null,
11 verbose parsed url   hash: null,
11 verbose parsed url   search: null,
11 verbose parsed url   query: null,
11 verbose parsed url   pathname: 'sharify',
11 verbose parsed url   path: 'sharify',
11 verbose parsed url   href: 'sharify' }
12 silly lockFile 02aa629c-S S
13 verbose lock S /Users/colton/.npm/02aa629c-S.lock
14 silly lockFile ce5b345f-sharify sharify
15 verbose lock sharify /Users/colton/.npm/ce5b345f-sharify.lock
16 silly lockFile ce5b345f-sharify sharify
17 silly lockFile ce5b345f-sharify sharify
18 silly lockFile 02aa629c-S S
19 silly lockFile 02aa629c-S S
20 verbose addNamed [ 'sharify', '' ]
21 verbose addNamed [ null, '*' ]
22 silly lockFile abb1887e-sharify sharify@
23 verbose lock sharify@ /Users/colton/.npm/abb1887e-sharify.lock
24 verbose addNamed [ 'S', '' ]
25 verbose addNamed [ null, '*' ]
26 silly lockFile 3d72cac2-S S@
27 verbose lock S@ /Users/colton/.npm/3d72cac2-S.lock
28 silly addNameRange { name: 'sharify', range: '*', hasData: false }
29 silly addNameRange { name: 'S', range: '*', hasData: false }
30 verbose request where is /S
31 verbose request registry https://registry.npmjs.org/
32 verbose request id 5172a806479faed8
33 verbose url raw /S
34 verbose url resolving [ 'https://registry.npmjs.org/', './S' ]
35 verbose url resolved https://registry.npmjs.org/S
36 verbose request where is https://registry.npmjs.org/S
37 info trying registry request attempt 1 at 17:25:26
38 http GET https://registry.npmjs.org/S
39 verbose request where is /sharify
40 verbose request registry https://registry.npmjs.org/
41 verbose url raw /sharify
42 verbose url resolving [ 'https://registry.npmjs.org/', './sharify' ]
43 verbose url resolved https://registry.npmjs.org/sharify
44 verbose request where is https://registry.npmjs.org/sharify
45 info trying registry request attempt 1 at 17:25:26
46 verbose etag "ASF63O24SWEXVH5MEHHQAWZPN"
47 http GET https://registry.npmjs.org/sharify
48 http 200 https://registry.npmjs.org/sharify
49 silly registry.get cb [ 200,
49 silly registry.get   { date: 'Sun, 19 Apr 2015 00:25:27 GMT',
49 silly registry.get     server: 'CouchDB/1.5.0 (Erlang OTP/R16B03)',
49 silly registry.get     etag: '"1KWMUXIUUAEVW0SO4N5ICJAUC"',
49 silly registry.get     'content-type': 'application/json',
49 silly registry.get     'cache-control': 'max-age=60',
49 silly registry.get     'content-length': '13970',
49 silly registry.get     'accept-ranges': 'bytes',
49 silly registry.get     via: '1.1 varnish',
49 silly registry.get     age: '0',
49 silly registry.get     'x-served-by': 'cache-lax1429-LAX',
49 silly registry.get     'x-cache': 'MISS',
49 silly registry.get     'x-cache-hits': '0',
49 silly registry.get     'x-timer': 'S1429403127.245854,VS0,VE193',
49 silly registry.get     vary: 'Accept',
49 silly registry.get     'keep-alive': 'timeout=10, max=50',
49 silly registry.get     connection: 'Keep-Alive' } ]
50 silly addNameRange number 2 { name: 'sharify', range: '*', hasData: true }
51 silly addNameRange versions [ 'sharify',
51 silly addNameRange   [ '0.0.1',
51 silly addNameRange     '0.0.2',
51 silly addNameRange     '0.0.3',
51 silly addNameRange     '0.0.4',
51 silly addNameRange     '0.0.6',
51 silly addNameRange     '0.1.0',
51 silly addNameRange     '0.1.1',
51 silly addNameRange     '0.1.2',
51 silly addNameRange     '0.1.3',
51 silly addNameRange     '0.1.4',
51 silly addNameRange     '0.1.5',
51 silly addNameRange     '0.1.6' ] ]
52 verbose addNamed [ 'sharify', '0.1.6' ]
53 verbose addNamed [ '0.1.6', '0.1.6' ]
54 silly lockFile 4df4b125-sharify-0-1-6 sharify@0.1.6
55 verbose lock sharify@0.1.6 /Users/colton/.npm/4df4b125-sharify-0-1-6.lock
56 silly lockFile 4df4b125-sharify-0-1-6 sharify@0.1.6
57 silly lockFile 4df4b125-sharify-0-1-6 sharify@0.1.6
58 silly lockFile abb1887e-sharify sharify@
59 silly lockFile abb1887e-sharify sharify@
60 http 404 https://registry.npmjs.org/S
61 verbose headers { date: 'Sun, 19 Apr 2015 00:25:27 GMT',
61 verbose headers   server: 'CouchDB/1.5.0 (Erlang OTP/R16B03)',
61 verbose headers   'content-type': 'application/json',
61 verbose headers   'cache-control': 'max-age=0',
61 verbose headers   'content-length': '51',
61 verbose headers   'accept-ranges': 'bytes',
61 verbose headers   via: '1.1 varnish',
61 verbose headers   age: '0',
61 verbose headers   'x-served-by': 'cache-lax1434-LAX',
61 verbose headers   'x-cache': 'MISS',
61 verbose headers   'x-cache-hits': '0',
61 verbose headers   'x-timer': 'S1429403127.242730,VS0,VE315',
61 verbose headers   'keep-alive': 'timeout=10, max=50',
61 verbose headers   connection: 'Keep-Alive' }
62 silly registry.get cb [ 404,
62 silly registry.get   { date: 'Sun, 19 Apr 2015 00:25:27 GMT',
62 silly registry.get     server: 'CouchDB/1.5.0 (Erlang OTP/R16B03)',
62 silly registry.get     'content-type': 'application/json',
62 silly registry.get     'cache-control': 'max-age=0',
62 silly registry.get     'content-length': '51',
62 silly registry.get     'accept-ranges': 'bytes',
62 silly registry.get     via: '1.1 varnish',
62 silly registry.get     age: '0',
62 silly registry.get     'x-served-by': 'cache-lax1434-LAX',
62 silly registry.get     'x-cache': 'MISS',
62 silly registry.get     'x-cache-hits': '0',
62 silly registry.get     'x-timer': 'S1429403127.242730,VS0,VE315',
62 silly registry.get     'keep-alive': 'timeout=10, max=50',
62 silly registry.get     connection: 'Keep-Alive' } ]
63 silly lockFile 3d72cac2-S S@
64 silly lockFile 3d72cac2-S S@
65 error 404 404 Not Found: S
65 error 404
65 error 404 'S' is not in the npm registry.
65 error 404 You should bug the author to publish it
65 error 404 It was specified as a dependency of 'ice-js'
65 error 404
65 error 404 Note that you can also install from a
65 error 404 tarball, folder, or http url, or git url.
66 error System Darwin 14.1.0
67 error command "node" "/usr/local/bin/npm" "i" "S" "sharify"
68 error cwd /Users/colton/Development/ice-framework
69 error node -v v0.10.35
70 error npm -v 1.4.28
71 error code E404
72 verbose exit [ 1, true ]
